<?xml version="1.0" encoding="UTF-8"?>
<!-- Generated by org.testng.reporters.JUnitReportReporter -->
<testsuite skipped="0" hostname="PCDEFRAPC0MAB1H" name="Restapi.automation.DynamicJson" tests="6" failures="0" timestamp="2021-01-19T10:02:29 MEZ" time="8.075" errors="0">
  <testcase name="addBook" time="0.707" classname="Restapi.automation.DynamicJson"/>
  <system-out/>
  <testcase name="addBook" time="4.383" classname="Restapi.automation.DynamicJson"/>
  <system-out/>
  <testcase name="addBook" time="0.717" classname="Restapi.automation.DynamicJson"/>
  <system-out/>
  <testcase name="deleteBook" time="0.695" classname="Restapi.automation.DynamicJson"/>
  <system-out/>
  <testcase name="deleteBook" time="0.706" classname="Restapi.automation.DynamicJson"/>
  <system-out/>
  <testcase name="deleteBook" time="0.867" classname="Restapi.automation.DynamicJson"/>
  <system-out/>
</testsuite> <!-- Restapi.automation.DynamicJson -->
